2022-11-18T03:13:14+00:00 DEBUG tt4b_product_sync: missing access token for tt4b_product_sync
2022-11-18T03:13:14+00:00 DEBUG tt4b_product_sync: missing access token for tt4b_product_sync
2022-11-18T03:15:34+00:00 DEBUG tt4b_product_sync: missing access token for tt4b_product_sync
2022-11-18T03:22:35+00:00 DEBUG tt4b_product_sync: missing access token for tt4b_product_sync
2022-11-18T03:23:18+00:00 DEBUG tt4b_product_sync: missing access token for tt4b_product_sync
2022-11-18T03:23:26+00:00 DEBUG tt4b_product_sync: missing access token for tt4b_product_sync
2022-11-18T03:23:28+00:00 DEBUG Tt4b_Pixel_Class::inject_view_content_event: hit injectViewContentEvent
2022-11-18T03:23:28+00:00 DEBUG Tt4b_Pixel_Class::inject_view_content_event: Missing option "access_token"
2022-11-18T03:30:56+00:00 DEBUG Tt4b_Pixel_Class::inject_add_to_cart_event: hit injectAddToCartEvent
2022-11-18T03:30:56+00:00 DEBUG Tt4b_Pixel_Class::inject_add_to_cart_event: Missing option "access_token"
2022-11-18T03:30:58+00:00 DEBUG Tt4b_Pixel_Class::inject_view_content_event: hit injectViewContentEvent
2022-11-18T03:30:58+00:00 DEBUG Tt4b_Pixel_Class::inject_view_content_event: Missing option "access_token"
2022-11-18T12:18:21+00:00 DEBUG tt4b_product_sync: missing access token for tt4b_product_sync
2022-11-18T12:18:23+00:00 DEBUG Tt4b_Pixel_Class::inject_view_content_event: hit injectViewContentEvent
2022-11-18T12:18:23+00:00 DEBUG Tt4b_Pixel_Class::inject_view_content_event: Missing option "access_token"
2022-11-18T12:19:49+00:00 DEBUG tt4b_product_sync: missing access token for tt4b_product_sync
2022-11-18T12:19:51+00:00 DEBUG Tt4b_Pixel_Class::inject_view_content_event: hit injectViewContentEvent
2022-11-18T12:19:51+00:00 DEBUG Tt4b_Pixel_Class::inject_view_content_event: Missing option "access_token"
2022-11-18T12:21:08+00:00 DEBUG tt4b_product_sync: missing access token for tt4b_product_sync
2022-11-18T12:21:16+00:00 DEBUG Tt4b_Pixel_Class::inject_view_content_event: hit injectViewContentEvent
2022-11-18T12:21:16+00:00 DEBUG Tt4b_Pixel_Class::inject_view_content_event: Missing option "access_token"
2022-11-18T12:21:58+00:00 DEBUG Tt4b_Pixel_Class::inject_view_content_event: hit injectViewContentEvent
2022-11-18T12:21:58+00:00 DEBUG Tt4b_Pixel_Class::inject_view_content_event: Missing option "access_token"
2022-11-18T12:22:03+00:00 DEBUG Tt4b_Pixel_Class::inject_view_content_event: hit injectViewContentEvent
2022-11-18T12:22:03+00:00 DEBUG Tt4b_Pixel_Class::inject_view_content_event: Missing option "access_token"
2022-11-18T12:22:15+00:00 DEBUG tt4b_product_sync: missing access token for tt4b_product_sync
2022-11-18T12:22:24+00:00 DEBUG Tt4b_Pixel_Class::inject_view_content_event: hit injectViewContentEvent
2022-11-18T12:22:24+00:00 DEBUG Tt4b_Pixel_Class::inject_view_content_event: Missing option "access_token"
2022-11-18T12:37:33+00:00 DEBUG Tt4b_Pixel_Class::inject_view_content_event: hit injectViewContentEvent
2022-11-18T12:37:33+00:00 DEBUG Tt4b_Pixel_Class::inject_view_content_event: Missing option "access_token"
